/*C3*/SET SCHEMA PUBLIC
DISCONNECT
/*C5*/SET SCHEMA FACTURACION
DELETE FROM DOCUMENTOCOMERCIAL_DETALLES WHERE DOCUMENTOCOMERCIAL_OID='402881e583c4cd3a0183c4cdba210000' AND CANTIDAD=0 AND PRODUCTO_NUMERO=115 AND PRECIOPORUNIDAD IS NULL
DELETE FROM DOCUMENTOCOMERCIAL_DETALLES WHERE DOCUMENTOCOMERCIAL_OID='402881e583c4d3dc0183c4d5b7ae0002' AND CANTIDAD=0 AND PRODUCTO_NUMERO=1 AND PRECIOPORUNIDAD IS NULL
DELETE FROM DOCUMENTOCOMERCIAL_DETALLES WHERE DOCUMENTOCOMERCIAL_OID='402881e583c4d3dc0183c4d701f40003' AND CANTIDAD=0 AND PRODUCTO_NUMERO=1 AND PRECIOPORUNIDAD IS NULL
DELETE FROM DOCUMENTOCOMERCIAL_DETALLES WHERE DOCUMENTOCOMERCIAL_OID='402881e583c4f9000183c4fa81e40000' AND CANTIDAD=0 AND PRODUCTO_NUMERO=115 AND PRECIOPORUNIDAD IS NULL
DELETE FROM DOCUMENTOCOMERCIAL_DETALLES WHERE DOCUMENTOCOMERCIAL_OID='402881e583c4f9000183c4fb550a0002' AND CANTIDAD=0 AND PRODUCTO_NUMERO=115 AND PRECIOPORUNIDAD IS NULL
DELETE FROM DOCUMENTOCOMERCIAL_DETALLES WHERE DOCUMENTOCOMERCIAL_OID='402881e583c5111a0183c5121a030001' AND CANTIDAD=0 AND PRODUCTO_NUMERO=115 AND PRECIOPORUNIDAD IS NULL
DELETE FROM DOCUMENTOCOMERCIAL_DETALLES WHERE DOCUMENTOCOMERCIAL_OID='402881e583c513c40183c51749850001' AND CANTIDAD=0 AND PRODUCTO_NUMERO=115 AND PRECIOPORUNIDAD IS NULL
DELETE FROM DOCUMENTOCOMERCIAL_DETALLES WHERE DOCUMENTOCOMERCIAL_OID='402881e583cdda790183cddbb8430000' AND CANTIDAD=43 AND PRODUCTO_NUMERO=15 AND PRECIOPORUNIDAD IS NULL
DELETE FROM DOCUMENTOCOMERCIAL_DETALLES WHERE DOCUMENTOCOMERCIAL_OID='402881e583cdda790183cddc29c80001' AND CANTIDAD=43 AND PRODUCTO_NUMERO=115 AND PRECIOPORUNIDAD IS NULL
DELETE FROM DOCUMENTOCOMERCIAL_DETALLES WHERE DOCUMENTOCOMERCIAL_OID='402881e583cdda790183cddc29dc0002' AND CANTIDAD=7 AND PRODUCTO_NUMERO=115 AND PRECIOPORUNIDAD IS NULL
INSERT INTO DOCUMENTOCOMERCIAL_DETALLES VALUES('402881e583c4cd3a0183c4cdba210000',0,115,15.00)
INSERT INTO DOCUMENTOCOMERCIAL_DETALLES VALUES('402881e583c4d3dc0183c4d5b7ae0002',0,1,3466.00)
INSERT INTO DOCUMENTOCOMERCIAL_DETALLES VALUES('402881e583c4d3dc0183c4d701f40003',0,1,3466.00)
INSERT INTO DOCUMENTOCOMERCIAL_DETALLES VALUES('402881e583c4f9000183c4fa81e40000',0,115,15.00)
INSERT INTO DOCUMENTOCOMERCIAL_DETALLES VALUES('402881e583c4f9000183c4fb550a0002',0,115,15.00)
INSERT INTO DOCUMENTOCOMERCIAL_DETALLES VALUES('402881e583c5111a0183c5121a030001',0,115,15.00)
INSERT INTO DOCUMENTOCOMERCIAL_DETALLES VALUES('402881e583c513c40183c51749850001',0,115,15.00)
INSERT INTO DOCUMENTOCOMERCIAL_DETALLES VALUES('402881e583cdda790183cddbb8430000',43,15,32.00)
INSERT INTO DOCUMENTOCOMERCIAL_DETALLES VALUES('402881e583cdda790183cddc29c80001',43,115,15.00)
INSERT INTO DOCUMENTOCOMERCIAL_DETALLES VALUES('402881e583cdda790183cddc29dc0002',7,115,15.00)
COMMIT
DELETE FROM DOCUMENTOCOMERCIAL WHERE OID='402881e583c4cd3a0183c4cdba210000'
DELETE FROM DOCUMENTOCOMERCIAL WHERE OID='402881e583c4d3dc0183c4d5427e0000'
DELETE FROM DOCUMENTOCOMERCIAL WHERE OID='402881e583c4d3dc0183c4d542d00001'
DELETE FROM DOCUMENTOCOMERCIAL WHERE OID='402881e583c4d3dc0183c4d5b7ae0002'
DELETE FROM DOCUMENTOCOMERCIAL WHERE OID='402881e583c4d3dc0183c4d701f40003'
DELETE FROM DOCUMENTOCOMERCIAL WHERE OID='402881e583c4f9000183c4fa81e40000'
DELETE FROM DOCUMENTOCOMERCIAL WHERE OID='402881e583c4f9000183c4fb54e90001'
DELETE FROM DOCUMENTOCOMERCIAL WHERE OID='402881e583c4f9000183c4fb550a0002'
DELETE FROM DOCUMENTOCOMERCIAL WHERE OID='402881e583c5111a0183c51219b60000'
DELETE FROM DOCUMENTOCOMERCIAL WHERE OID='402881e583c5111a0183c5121a030001'
DELETE FROM DOCUMENTOCOMERCIAL WHERE OID='402881e583c513c40183c51749310000'
DELETE FROM DOCUMENTOCOMERCIAL WHERE OID='402881e583c513c40183c51749850001'
DELETE FROM DOCUMENTOCOMERCIAL WHERE OID='402881e583cdda790183cddbb8430000'
DELETE FROM DOCUMENTOCOMERCIAL WHERE OID='402881e583cdda790183cddc29c80001'
DELETE FROM DOCUMENTOCOMERCIAL WHERE OID='402881e583cdda790183cddc29dc0002'
INSERT INTO DOCUMENTOCOMERCIAL VALUES('Factura','402881e583c4cd3a0183c4cdba210000',2022,'2022-10-10',1,'',65,NULL,NULL,NULL,21)
INSERT INTO DOCUMENTOCOMERCIAL VALUES('Factura','402881e583c4d3dc0183c4d5427e0000',2022,'2022-10-10',2,'',9,NULL,NULL,NULL,21)
INSERT INTO DOCUMENTOCOMERCIAL VALUES('Pedido','402881e583c4d3dc0183c4d542d00001',2022,'2022-10-10',2,'',9,'402881e583c4d3dc0183c4d5427e0000',NULL,NULL,21)
INSERT INTO DOCUMENTOCOMERCIAL VALUES('Pedido','402881e583c4d3dc0183c4d5b7ae0002',2022,'2022-10-10',3,'bueno',9,'402881e583c4d3dc0183c4d5427e0000',NULL,NULL,21)
INSERT INTO DOCUMENTOCOMERCIAL VALUES('Pedido','402881e583c4d3dc0183c4d701f40003',2022,'2022-10-10',4,'god',9,'402881e583c4cd3a0183c4cdba210000',NULL,NULL,21)
INSERT INTO DOCUMENTOCOMERCIAL VALUES('Factura','402881e583c4f9000183c4fa81e40000',2022,'2022-10-10',5,'good',9,NULL,NULL,NULL,21)
INSERT INTO DOCUMENTOCOMERCIAL VALUES('Factura','402881e583c4f9000183c4fb54e90001',2022,'2022-10-10',6,'',9,NULL,NULL,NULL,21)
INSERT INTO DOCUMENTOCOMERCIAL VALUES('Pedido','402881e583c4f9000183c4fb550a0002',2022,'2022-10-10',6,'very good',9,'402881e583c4f9000183c4fb54e90001',NULL,NULL,21)
INSERT INTO DOCUMENTOCOMERCIAL VALUES('Factura','402881e583c5111a0183c51219b60000',2022,'2022-10-10',7,'',9,NULL,NULL,NULL,21)
INSERT INTO DOCUMENTOCOMERCIAL VALUES('Pedido','402881e583c5111a0183c5121a030001',2022,'2022-10-10',7,'',9,'402881e583c5111a0183c51219b60000',NULL,NULL,21)
INSERT INTO DOCUMENTOCOMERCIAL VALUES('Factura','402881e583c513c40183c51749310000',2022,'2022-10-10',8,'',9,NULL,NULL,NULL,21)
INSERT INTO DOCUMENTOCOMERCIAL VALUES('Pedido','402881e583c513c40183c51749850001',2022,'2022-10-10',8,'',65,'402881e583c513c40183c51749310000',NULL,NULL,21)
INSERT INTO DOCUMENTOCOMERCIAL VALUES('Factura','402881e583cdda790183cddbb8430000',2022,'2022-10-12',9,'',9,NULL,NULL,NULL,21)
INSERT INTO DOCUMENTOCOMERCIAL VALUES('Factura','402881e583cdda790183cddc29c80001',2022,'2022-10-12',10,'',9,NULL,NULL,NULL,21)
INSERT INTO DOCUMENTOCOMERCIAL VALUES('Pedido','402881e583cdda790183cddc29dc0002',2022,'2022-10-12',10,'',65,'402881e583cdda790183cddc29c80001',NULL,NULL,21)
COMMIT
DELETE FROM DOCUMENTOCOMERCIAL WHERE OID='402881e583c4cd3a0183c4cdba210000'
DELETE FROM DOCUMENTOCOMERCIAL WHERE OID='402881e583c4d3dc0183c4d5427e0000'
DELETE FROM DOCUMENTOCOMERCIAL WHERE OID='402881e583c4d3dc0183c4d542d00001'
DELETE FROM DOCUMENTOCOMERCIAL WHERE OID='402881e583c4d3dc0183c4d5b7ae0002'
DELETE FROM DOCUMENTOCOMERCIAL WHERE OID='402881e583c4d3dc0183c4d701f40003'
DELETE FROM DOCUMENTOCOMERCIAL WHERE OID='402881e583c4f9000183c4fa81e40000'
DELETE FROM DOCUMENTOCOMERCIAL WHERE OID='402881e583c4f9000183c4fb54e90001'
DELETE FROM DOCUMENTOCOMERCIAL WHERE OID='402881e583c4f9000183c4fb550a0002'
DELETE FROM DOCUMENTOCOMERCIAL WHERE OID='402881e583c5111a0183c51219b60000'
DELETE FROM DOCUMENTOCOMERCIAL WHERE OID='402881e583c5111a0183c5121a030001'
DELETE FROM DOCUMENTOCOMERCIAL WHERE OID='402881e583c513c40183c51749310000'
DELETE FROM DOCUMENTOCOMERCIAL WHERE OID='402881e583c513c40183c51749850001'
DELETE FROM DOCUMENTOCOMERCIAL WHERE OID='402881e583cdda790183cddbb8430000'
DELETE FROM DOCUMENTOCOMERCIAL WHERE OID='402881e583cdda790183cddc29c80001'
DELETE FROM DOCUMENTOCOMERCIAL WHERE OID='402881e583cdda790183cddc29dc0002'
INSERT INTO DOCUMENTOCOMERCIAL VALUES('Factura','402881e583c4cd3a0183c4cdba210000',2022,'2022-10-10',1,'',65,NULL,NULL,0.00,21)
INSERT INTO DOCUMENTOCOMERCIAL VALUES('Factura','402881e583c4d3dc0183c4d5427e0000',2022,'2022-10-10',2,'',9,NULL,NULL,NULL,21)
INSERT INTO DOCUMENTOCOMERCIAL VALUES('Pedido','402881e583c4d3dc0183c4d542d00001',2022,'2022-10-10',2,'',9,'402881e583c4d3dc0183c4d5427e0000',NULL,NULL,21)
INSERT INTO DOCUMENTOCOMERCIAL VALUES('Pedido','402881e583c4d3dc0183c4d5b7ae0002',2022,'2022-10-10',3,'bueno',9,'402881e583c4d3dc0183c4d5427e0000',NULL,0.00,21)
INSERT INTO DOCUMENTOCOMERCIAL VALUES('Pedido','402881e583c4d3dc0183c4d701f40003',2022,'2022-10-10',4,'god',9,'402881e583c4cd3a0183c4cdba210000',NULL,0.00,21)
INSERT INTO DOCUMENTOCOMERCIAL VALUES('Factura','402881e583c4f9000183c4fa81e40000',2022,'2022-10-10',5,'good',9,NULL,NULL,0.00,21)
INSERT INTO DOCUMENTOCOMERCIAL VALUES('Factura','402881e583c4f9000183c4fb54e90001',2022,'2022-10-10',6,'',9,NULL,NULL,NULL,21)
INSERT INTO DOCUMENTOCOMERCIAL VALUES('Pedido','402881e583c4f9000183c4fb550a0002',2022,'2022-10-10',6,'very good',9,'402881e583c4f9000183c4fb54e90001',NULL,0.00,21)
INSERT INTO DOCUMENTOCOMERCIAL VALUES('Factura','402881e583c5111a0183c51219b60000',2022,'2022-10-10',7,'',9,NULL,NULL,NULL,21)
INSERT INTO DOCUMENTOCOMERCIAL VALUES('Pedido','402881e583c5111a0183c5121a030001',2022,'2022-10-10',7,'',9,'402881e583c5111a0183c51219b60000',NULL,0.00,21)
INSERT INTO DOCUMENTOCOMERCIAL VALUES('Factura','402881e583c513c40183c51749310000',2022,'2022-10-10',8,'',9,NULL,NULL,NULL,21)
INSERT INTO DOCUMENTOCOMERCIAL VALUES('Pedido','402881e583c513c40183c51749850001',2022,'2022-10-10',8,'',65,'402881e583c513c40183c51749310000',NULL,0.00,21)
INSERT INTO DOCUMENTOCOMERCIAL VALUES('Factura','402881e583cdda790183cddbb8430000',2022,'2022-10-12',9,'',9,NULL,NULL,288.96,21)
INSERT INTO DOCUMENTOCOMERCIAL VALUES('Factura','402881e583cdda790183cddc29c80001',2022,'2022-10-12',10,'',9,NULL,NULL,135.45,21)
INSERT INTO DOCUMENTOCOMERCIAL VALUES('Pedido','402881e583cdda790183cddc29dc0002',2022,'2022-10-12',10,'',65,'402881e583cdda790183cddc29c80001',NULL,22.05,21)
COMMIT
DELETE FROM DOCUMENTOCOMERCIAL WHERE OID='402881e583c4cd3a0183c4cdba210000'
DELETE FROM DOCUMENTOCOMERCIAL WHERE OID='402881e583c4d3dc0183c4d5427e0000'
DELETE FROM DOCUMENTOCOMERCIAL WHERE OID='402881e583c4d3dc0183c4d542d00001'
DELETE FROM DOCUMENTOCOMERCIAL WHERE OID='402881e583c4d3dc0183c4d5b7ae0002'
DELETE FROM DOCUMENTOCOMERCIAL WHERE OID='402881e583c4d3dc0183c4d701f40003'
DELETE FROM DOCUMENTOCOMERCIAL WHERE OID='402881e583c4f9000183c4fa81e40000'
DELETE FROM DOCUMENTOCOMERCIAL WHERE OID='402881e583c4f9000183c4fb54e90001'
DELETE FROM DOCUMENTOCOMERCIAL WHERE OID='402881e583c4f9000183c4fb550a0002'
DELETE FROM DOCUMENTOCOMERCIAL WHERE OID='402881e583c5111a0183c51219b60000'
DELETE FROM DOCUMENTOCOMERCIAL WHERE OID='402881e583c5111a0183c5121a030001'
DELETE FROM DOCUMENTOCOMERCIAL WHERE OID='402881e583c513c40183c51749310000'
DELETE FROM DOCUMENTOCOMERCIAL WHERE OID='402881e583c513c40183c51749850001'
DELETE FROM DOCUMENTOCOMERCIAL WHERE OID='402881e583cdda790183cddbb8430000'
DELETE FROM DOCUMENTOCOMERCIAL WHERE OID='402881e583cdda790183cddc29c80001'
DELETE FROM DOCUMENTOCOMERCIAL WHERE OID='402881e583cdda790183cddc29dc0002'
INSERT INTO DOCUMENTOCOMERCIAL VALUES('Factura','402881e583c4cd3a0183c4cdba210000',2022,'2022-10-10',1,'',65,NULL,NULL,0.00,21)
INSERT INTO DOCUMENTOCOMERCIAL VALUES('Factura','402881e583c4d3dc0183c4d5427e0000',2022,'2022-10-10',2,'',9,NULL,NULL,NULL,21)
INSERT INTO DOCUMENTOCOMERCIAL VALUES('Pedido','402881e583c4d3dc0183c4d542d00001',2022,'2022-10-10',2,'',9,'402881e583c4d3dc0183c4d5427e0000',NULL,NULL,21)
INSERT INTO DOCUMENTOCOMERCIAL VALUES('Pedido','402881e583c4d3dc0183c4d5b7ae0002',2022,'2022-10-10',3,'bueno',9,'402881e583c4d3dc0183c4d5427e0000',NULL,0.00,21)
INSERT INTO DOCUMENTOCOMERCIAL VALUES('Pedido','402881e583c4d3dc0183c4d701f40003',2022,'2022-10-10',4,'god',9,'402881e583c4cd3a0183c4cdba210000',NULL,0.00,21)
INSERT INTO DOCUMENTOCOMERCIAL VALUES('Factura','402881e583c4f9000183c4fa81e40000',2022,'2022-10-10',5,'good',9,NULL,NULL,0.00,21)
INSERT INTO DOCUMENTOCOMERCIAL VALUES('Factura','402881e583c4f9000183c4fb54e90001',2022,'2022-10-10',6,'',9,NULL,NULL,NULL,21)
INSERT INTO DOCUMENTOCOMERCIAL VALUES('Pedido','402881e583c4f9000183c4fb550a0002',2022,'2022-10-10',6,'very good',9,'402881e583c4f9000183c4fb54e90001',NULL,0.00,21)
INSERT INTO DOCUMENTOCOMERCIAL VALUES('Factura','402881e583c5111a0183c51219b60000',2022,'2022-10-10',7,'',9,NULL,NULL,NULL,21)
INSERT INTO DOCUMENTOCOMERCIAL VALUES('Pedido','402881e583c5111a0183c5121a030001',2022,'2022-10-10',7,'',9,'402881e583c5111a0183c51219b60000',NULL,0.00,21)
INSERT INTO DOCUMENTOCOMERCIAL VALUES('Factura','402881e583c513c40183c51749310000',2022,'2022-10-10',8,'',9,NULL,NULL,NULL,21)
INSERT INTO DOCUMENTOCOMERCIAL VALUES('Pedido','402881e583c513c40183c51749850001',2022,'2022-10-10',8,'',65,'402881e583c513c40183c51749310000',NULL,0.00,21)
INSERT INTO DOCUMENTOCOMERCIAL VALUES('Factura','402881e583cdda790183cddbb8430000',2022,'2022-10-12',9,'',9,NULL,NULL,288.96,21)
INSERT INTO DOCUMENTOCOMERCIAL VALUES('Factura','402881e583cdda790183cddc29c80001',2022,'2022-10-12',10,'',9,NULL,NULL,135.45,21)
INSERT INTO DOCUMENTOCOMERCIAL VALUES('Pedido','402881e583cdda790183cddc29dc0002',2022,'2022-10-12',10,'',65,'402881e583cdda790183cddc29c80001',NULL,22.05,21)
COMMIT
DELETE FROM DOCUMENTOCOMERCIAL WHERE OID='402881e583c4cd3a0183c4cdba210000'
DELETE FROM DOCUMENTOCOMERCIAL WHERE OID='402881e583c4d3dc0183c4d5427e0000'
DELETE FROM DOCUMENTOCOMERCIAL WHERE OID='402881e583c4d3dc0183c4d542d00001'
DELETE FROM DOCUMENTOCOMERCIAL WHERE OID='402881e583c4d3dc0183c4d5b7ae0002'
DELETE FROM DOCUMENTOCOMERCIAL WHERE OID='402881e583c4d3dc0183c4d701f40003'
DELETE FROM DOCUMENTOCOMERCIAL WHERE OID='402881e583c4f9000183c4fa81e40000'
DELETE FROM DOCUMENTOCOMERCIAL WHERE OID='402881e583c4f9000183c4fb54e90001'
DELETE FROM DOCUMENTOCOMERCIAL WHERE OID='402881e583c4f9000183c4fb550a0002'
DELETE FROM DOCUMENTOCOMERCIAL WHERE OID='402881e583c5111a0183c51219b60000'
DELETE FROM DOCUMENTOCOMERCIAL WHERE OID='402881e583c5111a0183c5121a030001'
DELETE FROM DOCUMENTOCOMERCIAL WHERE OID='402881e583c513c40183c51749310000'
DELETE FROM DOCUMENTOCOMERCIAL WHERE OID='402881e583c513c40183c51749850001'
DELETE FROM DOCUMENTOCOMERCIAL WHERE OID='402881e583cdda790183cddbb8430000'
DELETE FROM DOCUMENTOCOMERCIAL WHERE OID='402881e583cdda790183cddc29c80001'
DELETE FROM DOCUMENTOCOMERCIAL WHERE OID='402881e583cdda790183cddc29dc0002'
INSERT INTO DOCUMENTOCOMERCIAL VALUES('Factura','402881e583c4cd3a0183c4cdba210000',2022,'2022-10-10',1,'',65,NULL,NULL,0.00,21)
INSERT INTO DOCUMENTOCOMERCIAL VALUES('Factura','402881e583c4d3dc0183c4d5427e0000',2022,'2022-10-10',2,'',9,NULL,NULL,NULL,21)
INSERT INTO DOCUMENTOCOMERCIAL VALUES('Pedido','402881e583c4d3dc0183c4d542d00001',2022,'2022-10-10',2,'',9,'402881e583c4d3dc0183c4d5427e0000',NULL,NULL,21)
INSERT INTO DOCUMENTOCOMERCIAL VALUES('Pedido','402881e583c4d3dc0183c4d5b7ae0002',2022,'2022-10-10',3,'bueno',9,'402881e583c4d3dc0183c4d5427e0000',NULL,0.00,21)
INSERT INTO DOCUMENTOCOMERCIAL VALUES('Pedido','402881e583c4d3dc0183c4d701f40003',2022,'2022-10-10',4,'god',9,'402881e583c4cd3a0183c4cdba210000',NULL,0.00,21)
INSERT INTO DOCUMENTOCOMERCIAL VALUES('Factura','402881e583c4f9000183c4fa81e40000',2022,'2022-10-10',5,'good',9,NULL,NULL,0.00,21)
INSERT INTO DOCUMENTOCOMERCIAL VALUES('Factura','402881e583c4f9000183c4fb54e90001',2022,'2022-10-10',6,'',9,NULL,NULL,NULL,21)
INSERT INTO DOCUMENTOCOMERCIAL VALUES('Pedido','402881e583c4f9000183c4fb550a0002',2022,'2022-10-10',6,'very good',9,'402881e583c4f9000183c4fb54e90001',NULL,0.00,21)
INSERT INTO DOCUMENTOCOMERCIAL VALUES('Factura','402881e583c5111a0183c51219b60000',2022,'2022-10-10',7,'',9,NULL,NULL,NULL,21)
INSERT INTO DOCUMENTOCOMERCIAL VALUES('Pedido','402881e583c5111a0183c5121a030001',2022,'2022-10-10',7,'',9,'402881e583c5111a0183c51219b60000',NULL,0.00,21)
INSERT INTO DOCUMENTOCOMERCIAL VALUES('Factura','402881e583c513c40183c51749310000',2022,'2022-10-10',8,'',9,NULL,NULL,NULL,21)
INSERT INTO DOCUMENTOCOMERCIAL VALUES('Pedido','402881e583c513c40183c51749850001',2022,'2022-10-10',8,'',65,'402881e583c513c40183c51749310000',NULL,0.00,21)
INSERT INTO DOCUMENTOCOMERCIAL VALUES('Factura','402881e583cdda790183cddbb8430000',2022,'2022-10-12',9,'',9,NULL,NULL,288.96,21)
INSERT INTO DOCUMENTOCOMERCIAL VALUES('Factura','402881e583cdda790183cddc29c80001',2022,'2022-10-12',10,'',9,NULL,NULL,135.45,21)
INSERT INTO DOCUMENTOCOMERCIAL VALUES('Pedido','402881e583cdda790183cddc29dc0002',2022,'2022-10-12',10,'',65,'402881e583cdda790183cddc29c80001',NULL,22.05,21)
COMMIT
DELETE FROM DOCUMENTOCOMERCIAL WHERE OID='402881e583c4cd3a0183c4cdba210000'
DELETE FROM DOCUMENTOCOMERCIAL WHERE OID='402881e583c4d3dc0183c4d5427e0000'
DELETE FROM DOCUMENTOCOMERCIAL WHERE OID='402881e583c4d3dc0183c4d542d00001'
DELETE FROM DOCUMENTOCOMERCIAL WHERE OID='402881e583c4d3dc0183c4d5b7ae0002'
DELETE FROM DOCUMENTOCOMERCIAL WHERE OID='402881e583c4d3dc0183c4d701f40003'
DELETE FROM DOCUMENTOCOMERCIAL WHERE OID='402881e583c4f9000183c4fa81e40000'
DELETE FROM DOCUMENTOCOMERCIAL WHERE OID='402881e583c4f9000183c4fb54e90001'
DELETE FROM DOCUMENTOCOMERCIAL WHERE OID='402881e583c4f9000183c4fb550a0002'
DELETE FROM DOCUMENTOCOMERCIAL WHERE OID='402881e583c5111a0183c51219b60000'
DELETE FROM DOCUMENTOCOMERCIAL WHERE OID='402881e583c5111a0183c5121a030001'
DELETE FROM DOCUMENTOCOMERCIAL WHERE OID='402881e583c513c40183c51749310000'
DELETE FROM DOCUMENTOCOMERCIAL WHERE OID='402881e583c513c40183c51749850001'
DELETE FROM DOCUMENTOCOMERCIAL WHERE OID='402881e583cdda790183cddbb8430000'
DELETE FROM DOCUMENTOCOMERCIAL WHERE OID='402881e583cdda790183cddc29c80001'
DELETE FROM DOCUMENTOCOMERCIAL WHERE OID='402881e583cdda790183cddc29dc0002'
INSERT INTO DOCUMENTOCOMERCIAL VALUES('Factura','402881e583c4cd3a0183c4cdba210000',2022,'2022-10-10',1,'',65,NULL,NULL,0.00,21)
INSERT INTO DOCUMENTOCOMERCIAL VALUES('Factura','402881e583c4d3dc0183c4d5427e0000',2022,'2022-10-10',2,'',9,NULL,NULL,NULL,21)
INSERT INTO DOCUMENTOCOMERCIAL VALUES('Pedido','402881e583c4d3dc0183c4d542d00001',2022,'2022-10-10',2,'',9,'402881e583c4d3dc0183c4d5427e0000',NULL,NULL,21)
INSERT INTO DOCUMENTOCOMERCIAL VALUES('Pedido','402881e583c4d3dc0183c4d5b7ae0002',2022,'2022-10-10',3,'bueno',9,'402881e583c4d3dc0183c4d5427e0000',NULL,0.00,21)
INSERT INTO DOCUMENTOCOMERCIAL VALUES('Pedido','402881e583c4d3dc0183c4d701f40003',2022,'2022-10-10',4,'god',9,'402881e583c4cd3a0183c4cdba210000',NULL,0.00,21)
INSERT INTO DOCUMENTOCOMERCIAL VALUES('Factura','402881e583c4f9000183c4fa81e40000',2022,'2022-10-10',5,'good',9,NULL,NULL,0.00,21)
INSERT INTO DOCUMENTOCOMERCIAL VALUES('Factura','402881e583c4f9000183c4fb54e90001',2022,'2022-10-10',6,'',9,NULL,NULL,NULL,21)
INSERT INTO DOCUMENTOCOMERCIAL VALUES('Pedido','402881e583c4f9000183c4fb550a0002',2022,'2022-10-10',6,'very good',9,'402881e583c4f9000183c4fb54e90001',NULL,0.00,21)
INSERT INTO DOCUMENTOCOMERCIAL VALUES('Factura','402881e583c5111a0183c51219b60000',2022,'2022-10-10',7,'',9,NULL,NULL,NULL,21)
INSERT INTO DOCUMENTOCOMERCIAL VALUES('Pedido','402881e583c5111a0183c5121a030001',2022,'2022-10-10',7,'',9,'402881e583c5111a0183c51219b60000',NULL,0.00,21)
INSERT INTO DOCUMENTOCOMERCIAL VALUES('Factura','402881e583c513c40183c51749310000',2022,'2022-10-10',8,'',9,NULL,NULL,NULL,21)
INSERT INTO DOCUMENTOCOMERCIAL VALUES('Pedido','402881e583c513c40183c51749850001',2022,'2022-10-10',8,'',65,'402881e583c513c40183c51749310000',NULL,0.00,21)
INSERT INTO DOCUMENTOCOMERCIAL VALUES('Factura','402881e583cdda790183cddbb8430000',2022,'2022-10-12',9,'',9,NULL,NULL,288.96,21)
INSERT INTO DOCUMENTOCOMERCIAL VALUES('Factura','402881e583cdda790183cddc29c80001',2022,'2022-10-12',10,'',9,NULL,NULL,135.45,21)
INSERT INTO DOCUMENTOCOMERCIAL VALUES('Pedido','402881e583cdda790183cddc29dc0002',2022,'2022-10-12',10,'',65,'402881e583cdda790183cddc29c80001',NULL,22.05,21)
COMMIT
DELETE FROM DOCUMENTOCOMERCIAL WHERE OID='402881e583c4cd3a0183c4cdba210000'
DELETE FROM DOCUMENTOCOMERCIAL WHERE OID='402881e583c4d3dc0183c4d5427e0000'
DELETE FROM DOCUMENTOCOMERCIAL WHERE OID='402881e583c4d3dc0183c4d542d00001'
DELETE FROM DOCUMENTOCOMERCIAL WHERE OID='402881e583c4d3dc0183c4d5b7ae0002'
DELETE FROM DOCUMENTOCOMERCIAL WHERE OID='402881e583c4d3dc0183c4d701f40003'
DELETE FROM DOCUMENTOCOMERCIAL WHERE OID='402881e583c4f9000183c4fa81e40000'
DELETE FROM DOCUMENTOCOMERCIAL WHERE OID='402881e583c4f9000183c4fb54e90001'
DELETE FROM DOCUMENTOCOMERCIAL WHERE OID='402881e583c4f9000183c4fb550a0002'
DELETE FROM DOCUMENTOCOMERCIAL WHERE OID='402881e583c5111a0183c51219b60000'
DELETE FROM DOCUMENTOCOMERCIAL WHERE OID='402881e583c5111a0183c5121a030001'
DELETE FROM DOCUMENTOCOMERCIAL WHERE OID='402881e583c513c40183c51749310000'
DELETE FROM DOCUMENTOCOMERCIAL WHERE OID='402881e583c513c40183c51749850001'
DELETE FROM DOCUMENTOCOMERCIAL WHERE OID='402881e583cdda790183cddbb8430000'
DELETE FROM DOCUMENTOCOMERCIAL WHERE OID='402881e583cdda790183cddc29c80001'
DELETE FROM DOCUMENTOCOMERCIAL WHERE OID='402881e583cdda790183cddc29dc0002'
INSERT INTO DOCUMENTOCOMERCIAL VALUES('Factura','402881e583c4cd3a0183c4cdba210000',2022,'2022-10-10',1,'',65,NULL,0.00,0.00,21)
INSERT INTO DOCUMENTOCOMERCIAL VALUES('Factura','402881e583c4d3dc0183c4d5427e0000',2022,'2022-10-10',2,'',9,NULL,NULL,NULL,21)
INSERT INTO DOCUMENTOCOMERCIAL VALUES('Pedido','402881e583c4d3dc0183c4d542d00001',2022,'2022-10-10',2,'',9,'402881e583c4d3dc0183c4d5427e0000',NULL,NULL,21)
INSERT INTO DOCUMENTOCOMERCIAL VALUES('Pedido','402881e583c4d3dc0183c4d5b7ae0002',2022,'2022-10-10',3,'bueno',9,'402881e583c4d3dc0183c4d5427e0000',0.00,0.00,21)
INSERT INTO DOCUMENTOCOMERCIAL VALUES('Pedido','402881e583c4d3dc0183c4d701f40003',2022,'2022-10-10',4,'god',9,'402881e583c4cd3a0183c4cdba210000',0.00,0.00,21)
INSERT INTO DOCUMENTOCOMERCIAL VALUES('Factura','402881e583c4f9000183c4fa81e40000',2022,'2022-10-10',5,'good',9,NULL,0.00,0.00,21)
INSERT INTO DOCUMENTOCOMERCIAL VALUES('Factura','402881e583c4f9000183c4fb54e90001',2022,'2022-10-10',6,'',9,NULL,NULL,NULL,21)
INSERT INTO DOCUMENTOCOMERCIAL VALUES('Pedido','402881e583c4f9000183c4fb550a0002',2022,'2022-10-10',6,'very good',9,'402881e583c4f9000183c4fb54e90001',0.00,0.00,21)
INSERT INTO DOCUMENTOCOMERCIAL VALUES('Factura','402881e583c5111a0183c51219b60000',2022,'2022-10-10',7,'',9,NULL,NULL,NULL,21)
INSERT INTO DOCUMENTOCOMERCIAL VALUES('Pedido','402881e583c5111a0183c5121a030001',2022,'2022-10-10',7,'',9,'402881e583c5111a0183c51219b60000',0.00,0.00,21)
INSERT INTO DOCUMENTOCOMERCIAL VALUES('Factura','402881e583c513c40183c51749310000',2022,'2022-10-10',8,'',9,NULL,NULL,NULL,21)
INSERT INTO DOCUMENTOCOMERCIAL VALUES('Pedido','402881e583c513c40183c51749850001',2022,'2022-10-10',8,'',65,'402881e583c513c40183c51749310000',0.00,0.00,21)
INSERT INTO DOCUMENTOCOMERCIAL VALUES('Factura','402881e583cdda790183cddbb8430000',2022,'2022-10-12',9,'',9,NULL,1664.96,288.96,21)
INSERT INTO DOCUMENTOCOMERCIAL VALUES('Factura','402881e583cdda790183cddc29c80001',2022,'2022-10-12',10,'',9,NULL,780.45,135.45,21)
INSERT INTO DOCUMENTOCOMERCIAL VALUES('Pedido','402881e583cdda790183cddc29dc0002',2022,'2022-10-12',10,'',65,'402881e583cdda790183cddc29c80001',127.05,22.05,21)
COMMIT
DELETE FROM DOCUMENTOCOMERCIAL WHERE OID='402881e583c4cd3a0183c4cdba210000'
DELETE FROM DOCUMENTOCOMERCIAL WHERE OID='402881e583c4d3dc0183c4d5427e0000'
DELETE FROM DOCUMENTOCOMERCIAL WHERE OID='402881e583c4d3dc0183c4d542d00001'
DELETE FROM DOCUMENTOCOMERCIAL WHERE OID='402881e583c4d3dc0183c4d5b7ae0002'
DELETE FROM DOCUMENTOCOMERCIAL WHERE OID='402881e583c4d3dc0183c4d701f40003'
DELETE FROM DOCUMENTOCOMERCIAL WHERE OID='402881e583c4f9000183c4fa81e40000'
DELETE FROM DOCUMENTOCOMERCIAL WHERE OID='402881e583c4f9000183c4fb54e90001'
DELETE FROM DOCUMENTOCOMERCIAL WHERE OID='402881e583c4f9000183c4fb550a0002'
DELETE FROM DOCUMENTOCOMERCIAL WHERE OID='402881e583c5111a0183c51219b60000'
DELETE FROM DOCUMENTOCOMERCIAL WHERE OID='402881e583c5111a0183c5121a030001'
DELETE FROM DOCUMENTOCOMERCIAL WHERE OID='402881e583c513c40183c51749310000'
DELETE FROM DOCUMENTOCOMERCIAL WHERE OID='402881e583c513c40183c51749850001'
DELETE FROM DOCUMENTOCOMERCIAL WHERE OID='402881e583cdda790183cddbb8430000'
DELETE FROM DOCUMENTOCOMERCIAL WHERE OID='402881e583cdda790183cddc29c80001'
DELETE FROM DOCUMENTOCOMERCIAL WHERE OID='402881e583cdda790183cddc29dc0002'
INSERT INTO DOCUMENTOCOMERCIAL VALUES('Factura','402881e583c4cd3a0183c4cdba210000',2022,'2022-10-10',1,'',65,NULL,0.00,0.00,21)
INSERT INTO DOCUMENTOCOMERCIAL VALUES('Factura','402881e583c4d3dc0183c4d5427e0000',2022,'2022-10-10',2,'',9,NULL,NULL,NULL,21)
INSERT INTO DOCUMENTOCOMERCIAL VALUES('Pedido','402881e583c4d3dc0183c4d542d00001',2022,'2022-10-10',2,'',9,'402881e583c4d3dc0183c4d5427e0000',NULL,NULL,21)
INSERT INTO DOCUMENTOCOMERCIAL VALUES('Pedido','402881e583c4d3dc0183c4d5b7ae0002',2022,'2022-10-10',3,'bueno',9,'402881e583c4d3dc0183c4d5427e0000',0.00,0.00,21)
INSERT INTO DOCUMENTOCOMERCIAL VALUES('Pedido','402881e583c4d3dc0183c4d701f40003',2022,'2022-10-10',4,'god',9,'402881e583c4cd3a0183c4cdba210000',0.00,0.00,21)
INSERT INTO DOCUMENTOCOMERCIAL VALUES('Factura','402881e583c4f9000183c4fa81e40000',2022,'2022-10-10',5,'good',9,NULL,0.00,0.00,21)
INSERT INTO DOCUMENTOCOMERCIAL VALUES('Factura','402881e583c4f9000183c4fb54e90001',2022,'2022-10-10',6,'',9,NULL,NULL,NULL,21)
INSERT INTO DOCUMENTOCOMERCIAL VALUES('Pedido','402881e583c4f9000183c4fb550a0002',2022,'2022-10-10',6,'very good',9,'402881e583c4f9000183c4fb54e90001',0.00,0.00,21)
INSERT INTO DOCUMENTOCOMERCIAL VALUES('Factura','402881e583c5111a0183c51219b60000',2022,'2022-10-10',7,'',9,NULL,NULL,NULL,21)
INSERT INTO DOCUMENTOCOMERCIAL VALUES('Pedido','402881e583c5111a0183c5121a030001',2022,'2022-10-10',7,'',9,'402881e583c5111a0183c51219b60000',0.00,0.00,21)
INSERT INTO DOCUMENTOCOMERCIAL VALUES('Factura','402881e583c513c40183c51749310000',2022,'2022-10-10',8,'',9,NULL,NULL,NULL,21)
INSERT INTO DOCUMENTOCOMERCIAL VALUES('Pedido','402881e583c513c40183c51749850001',2022,'2022-10-10',8,'',65,'402881e583c513c40183c51749310000',0.00,0.00,21)
INSERT INTO DOCUMENTOCOMERCIAL VALUES('Factura','402881e583cdda790183cddbb8430000',2022,'2022-10-12',9,'',9,NULL,1664.96,288.96,21)
INSERT INTO DOCUMENTOCOMERCIAL VALUES('Factura','402881e583cdda790183cddc29c80001',2022,'2022-10-12',10,'',9,NULL,780.45,135.45,21)
INSERT INTO DOCUMENTOCOMERCIAL VALUES('Pedido','402881e583cdda790183cddc29dc0002',2022,'2022-10-12',10,'',65,'402881e583cdda790183cddc29c80001',127.05,22.05,21)
COMMIT
SET SCHEMA PUBLIC
DISCONNECT
